
{Copying}: ...

{Compiler}: ...
==> am_pm_clock.cpp:63:1: error: expected declaration before ‘}’ token
==>  };
==>  ^
==> make: *** [am_pm_clock.o] Error 1
{Compiler}: FAILURE
